[04:45:21] [main/INFO] (FabricLoader/GameProvider) Loading Minecraft 1.20.3 with Fabric Loader 0.14.22
[04:45:21] [main/DEBUG] (FabricLoader/GamePatch) Found game constructor: net.minecraft.client.main.Main -> net.minecraft.client.MinecraftClient
[04:45:21] [main/DEBUG] (FabricLoader/GamePatch) Patching game constructor <init>(Lnet/minecraft/client/RunArgs;)V
[04:45:21] [main/DEBUG] (FabricLoader/GamePatch) Run directory field is thought to be net/minecraft/client/MinecraftClient/runDirectory
[04:45:21] [main/DEBUG] (FabricLoader/GamePatch) Applying brand name hook to net/minecraft/client/ClientBrandRetriever::getClientModName
[04:45:21] [main/DEBUG] (FabricLoader/GamePatch) Applying brand name hook to net/minecraft/server/MinecraftServer::getServerModName
[04:45:21] [main/DEBUG] (FabricLoader/GamePatch) Patched 3 classs
[04:45:21] [main/DEBUG] (FabricLoader/Discovery) Mod discovery time: 85,0 ms
[04:45:21] [main/WARN] (FabricLoader/Resolution) Mod resolution failed
[04:45:21] [main/INFO] (FabricLoader/Resolution) Immediate reason: [HARD_DEP_NO_CANDIDATE fabric-api 0.91.1+1.20.3 {depends fabricloader @ [>=0.14.23]}, ROOT_FORCELOAD_SINGLE fabric-api 0.91.1+1.20.3]
[04:45:21] [main/INFO] (FabricLoader/Resolution) Reason: [HARD_DEP fabric-api 0.91.1+1.20.3 {depends fabricloader @ [>=0.14.23]}]
[04:45:21] [main/INFO] (FabricLoader/Resolution) Fix: add [], remove [], replace [[fabricloader 0.14.22] -> add:fabricloader 0.14.23 ([[0.14.23,?)])]
[04:45:21] [main/ERROR] (FabricLoader) Incompatible mod set!
net.fabricmc.loader.impl.FormattedException: Mod resolution encountered an incompatible mod set!
A potential solution has been determined:
	 - Replace mod 'Fabric Loader' (fabricloader) 0.14.22 with version 0.14.23 or later.
Unmet dependency listing:
	 - Mod 'Fabric API' (fabric-api) 0.91.1+1.20.3 requires version 0.14.23 or later of mod 'Fabric Loader' (fabricloader), but only the wrong version is present: 0.14.22!
	at net.fabricmc.loader.impl.FormattedException.ofLocalized(FormattedException.java:51) ~[fabric-loader-0.14.22.jar:?]
	at net.fabricmc.loader.impl.FabricLoaderImpl.load(FabricLoaderImpl.java:192) ~[fabric-loader-0.14.22.jar:?]
	at net.fabricmc.loader.impl.launch.knot.Knot.init(Knot.java:148) ~[fabric-loader-0.14.22.jar:?]
	at net.fabricmc.loader.impl.launch.knot.Knot.launch(Knot.java:68) ~[fabric-loader-0.14.22.jar:?]
	at net.fabricmc.loader.impl.launch.knot.KnotClient.main(KnotClient.java:23) ~[fabric-loader-0.14.22.jar:?]
	at net.fabricmc.devlaunchinjector.Main.main(Main.java:86) ~[?:?]
